<?xml version="1.0" encoding="UTF-8"?>
<!-- Generated by org.testng.reporters.JUnitReportReporter -->
<testsuite hostname="EEE" failures="0" tests="1" name="il.co.jb.TestGitHubLogin" time="23.150" errors="0" timestamp="2 Sep 2019 13:04:45 GMT">
  <testcase classname="il.co.jb.TestGitHubLogin" name="testGitHub" time="23.150"/>
</testsuite> <!-- il.co.jb.TestGitHubLogin -->
