<?xml version="1.0" encoding="UTF-8"?>
<!-- Generated by org.testng.reporters.JUnitReportReporter -->
<testsuite hostname="EEE" failures="0" tests="1" name="zimun.torim.tests._006_ZimunTorimAppointmentApprovalTest" time="0.728" errors="0" timestamp="17 Oct 2019 10:21:41 GMT">
  <testcase classname="zimun.torim.tests._006_ZimunTorimAppointmentApprovalTest" name="_006_ZimunTorimAppointmentApproval" time="0.728"/>
</testsuite> <!-- zimun.torim.tests._006_ZimunTorimAppointmentApprovalTest -->
