<?xml version="1.0" encoding="UTF-8"?>
<!-- Generated by org.testng.reporters.JUnitReportReporter -->
<testsuite hostname="EEE" failures="0" tests="1" name="zimun.torim.tests._008_ZimunTorimVerifyEmailNotificationsRecievedTest" time="209.185" errors="0" timestamp="17 Oct 2019 06:14:49 GMT">
  <testcase classname="zimun.torim.tests._008_ZimunTorimVerifyEmailNotificationsRecievedTest" name="_008_ZimunTorimVerifyEmailNotificationsRecieved" time="209.185"/>
</testsuite> <!-- zimun.torim.tests._008_ZimunTorimVerifyEmailNotificationsRecievedTest -->
