<?xml version="1.0" encoding="UTF-8"?>
<!-- Generated by org.testng.reporters.JUnitReportReporter -->
<testsuite hostname="EEE" failures="0" tests="1" name="zimun.torim.tests._004_ZimunTorimSetAppointmentTest" time="0.750" errors="0" timestamp="2 Oct 2019 07:49:48 GMT">
  <testcase classname="zimun.torim.tests._004_ZimunTorimSetAppointmentTest" name="ZimunTorimSetAppointment" time="0.750"/>
</testsuite> <!-- zimun.torim.tests._004_ZimunTorimSetAppointmentTest -->
