<?xml version="1.0" encoding="UTF-8"?>
<!-- Generated by org.testng.reporters.JUnitReportReporter -->
<testsuite hostname="EEE" failures="0" tests="1" name="zimun.torim.tests._005_ZimunTorimSetAppointmentTest" time="3.719" errors="0" timestamp="17 Oct 2019 10:21:41 GMT">
  <testcase classname="zimun.torim.tests._005_ZimunTorimSetAppointmentTest" name="_005_ZimunTorimSetAppointment" time="3.719"/>
</testsuite> <!-- zimun.torim.tests._005_ZimunTorimSetAppointmentTest -->
