<?xml version="1.0" encoding="UTF-8"?>
<!-- Generated by org.testng.reporters.JUnitReportReporter -->
<testsuite hostname="EEE" failures="0" tests="1" name="zimun.torim.tests._003_ZimunTorimStationLocatingTest" time="24.527" errors="0" timestamp="17 Oct 2019 10:21:41 GMT">
  <testcase classname="zimun.torim.tests._003_ZimunTorimStationLocatingTest" name="_003_ZimunTorimStationLocating" time="24.527"/>
</testsuite> <!-- zimun.torim.tests._003_ZimunTorimStationLocatingTest -->
