<?xml version="1.0" encoding="UTF-8"?>
<!-- Generated by org.testng.reporters.JUnitReportReporter -->
<testsuite hostname="EEE" failures="0" tests="1" name="zimun.torim.tests._008_ZimunTorimVerifyEmailNotificationsRecievedTest" time="127.102" errors="0" timestamp="9 Oct 2019 22:45:20 GMT">
  <testcase classname="zimun.torim.tests._008_ZimunTorimVerifyEmailNotificationsRecievedTest" name="_008_ZimunTorimVerifyEmailNotificationsRecieved" time="127.102"/>
</testsuite> <!-- zimun.torim.tests._008_ZimunTorimVerifyEmailNotificationsRecievedTest -->
