<?xml version="1.0" encoding="UTF-8"?>
<!-- Generated by org.testng.reporters.JUnitReportReporter -->
<testsuite hostname="EEE" failures="0" tests="1" name="zimun.torim.tests._004_ZimunTorimStationLocatingTest" time="79.337" errors="0" timestamp="17 Nov 2019 11:44:24 GMT">
  <testcase classname="zimun.torim.tests._004_ZimunTorimStationLocatingTest" name="_004_ZimunTorimStationLocating" time="79.337"/>
</testsuite> <!-- zimun.torim.tests._004_ZimunTorimStationLocatingTest -->
