<?xml version="1.0" encoding="UTF-8"?>
<!-- Generated by org.testng.reporters.JUnitReportReporter -->
<testsuite hostname="EEE" failures="0" tests="1" name="zimun.torim.tests._002_ZimunTorimStationLocatingTest" time="25.918" errors="0" timestamp="17 Oct 2019 06:14:49 GMT">
  <testcase classname="zimun.torim.tests._002_ZimunTorimStationLocatingTest" name="_002_ZimunTorimStationLocating" time="25.918"/>
</testsuite> <!-- zimun.torim.tests._002_ZimunTorimStationLocatingTest -->
