<?xml version="1.0" encoding="UTF-8"?>
<!-- Generated by org.testng.reporters.JUnitReportReporter -->
<testsuite hostname="EEE" failures="0" tests="1" name="zimun.torim.tests._004_ZimunTorimSetAppointmentTest" time="3.671" errors="0" timestamp="17 Oct 2019 06:14:49 GMT">
  <testcase classname="zimun.torim.tests._004_ZimunTorimSetAppointmentTest" name="ZimunTorimSetAppointment" time="3.671"/>
</testsuite> <!-- zimun.torim.tests._004_ZimunTorimSetAppointmentTest -->
