<?xml version="1.0" encoding="UTF-8"?>
<!-- Generated by org.testng.reporters.JUnitReportReporter -->
<testsuite hostname="EEE" failures="0" tests="1" name="zimun.torim.tests._001_ZimunTorimVerifyPersonalDetailsTest" time="8.230" errors="0" timestamp="9 Oct 2019 22:45:20 GMT">
  <testcase classname="zimun.torim.tests._001_ZimunTorimVerifyPersonalDetailsTest" name="_001_ZimunTorimVerifyPersonalDetails" time="8.230"/>
</testsuite> <!-- zimun.torim.tests._001_ZimunTorimVerifyPersonalDetailsTest -->
