<?xml version="1.0" encoding="UTF-8"?>
<!-- Generated by org.testng.reporters.JUnitReportReporter -->
<testsuite hostname="EEE" failures="1" tests="2" name="zimun.torim.tests._002_ZimunTorimReccomendationsForNextAppointmentTest" time="180.927" errors="0" timestamp="17 Nov 2019 11:44:24 GMT">
  <testcase classname="zimun.torim.tests._002_ZimunTorimReccomendationsForNextAppointmentTest" name="getAppoitmentTypesAccordingToPatientsReccomendation" time="102.152"/>
  <testcase classname="zimun.torim.tests._002_ZimunTorimReccomendationsForNextAppointmentTest" name="getAppoitmentTypesAccordingToPatientsReccomendation" time="78.775">
    <failure message="Expecting to see &#039;אח/ות&#039; within the appointment type for the patient, but recieved: &#039;רופא/ה&#039; expected [true] but found [false]" type="java.lang.AssertionError">
      <![CDATA[java.lang.AssertionError: Expecting to see 'אח/ות' within the appointment type for the patient, but recieved: 'רופא/ה' expected [true] but found [false]
	at org.testng.Assert.fail(Assert.java:94)
	at org.testng.Assert.failNotEquals(Assert.java:496)
	at org.testng.Assert.assertTrue(Assert.java:42)
	at zimun.torim.infra.utils.AssertUtils.assertTrue(AssertUtils.java:30)
	at zimun.torim.infra.utils.AssertUtils.assertTrue(AssertUtils.java:24)
	at zimun.torim.tests._002_ZimunTorimReccomendationsForNextAppointmentTest.getAppoitmentTypesAccordingToPatientsReccomendation(_002_ZimunTorimReccomendationsForNextAppointmentTest.java:125)
	at java.base/jdk.internal.reflect.NativeMethodAccessorImpl.invoke0(Native Method)
	at java.base/jdk.internal.reflect.NativeMethodAccessorImpl.invoke(NativeMethodAccessorImpl.java:62)
	at java.base/jdk.internal.reflect.DelegatingMethodAccessorImpl.invoke(DelegatingMethodAccessorImpl.java:43)
	at java.base/java.lang.reflect.Method.invoke(Method.java:567)
	at org.testng.internal.MethodInvocationHelper.invokeMethod(MethodInvocationHelper.java:85)
	at org.testng.internal.Invoker.invokeMethod(Invoker.java:639)
	at org.testng.internal.Invoker.invokeTestMethod(Invoker.java:816)
	at org.testng.internal.Invoker.invokeTestMethods(Invoker.java:1124)
	at org.testng.internal.TestMethodWorker.invokeTestMethods(TestMethodWorker.java:125)
	at org.testng.internal.TestMethodWorker.run(TestMethodWorker.java:108)
	at org.testng.TestRunner.privateRun(TestRunner.java:774)
	at org.testng.TestRunner.run(TestRunner.java:624)
	at org.testng.SuiteRunner.runTest(SuiteRunner.java:359)
	at org.testng.SuiteRunner.runSequentially(SuiteRunner.java:354)
	at org.testng.SuiteRunner.privateRun(SuiteRunner.java:312)
	at org.testng.SuiteRunner.run(SuiteRunner.java:261)
	at org.testng.SuiteRunnerWorker.runSuite(SuiteRunnerWorker.java:52)
	at org.testng.SuiteRunnerWorker.run(SuiteRunnerWorker.java:86)
	at org.testng.TestNG.runSuitesSequentially(TestNG.java:1215)
	at org.testng.TestNG.runSuitesLocally(TestNG.java:1140)
	at org.testng.TestNG.run(TestNG.java:1048)
	at org.testng.remote.AbstractRemoteTestNG.run(AbstractRemoteTestNG.java:115)
	at org.testng.remote.RemoteTestNG.initAndRun(RemoteTestNG.java:251)
	at org.testng.remote.RemoteTestNG.main(RemoteTestNG.java:77)
]]>
    </failure>
  </testcase> <!-- getAppoitmentTypesAccordingToPatientsReccomendation -->
</testsuite> <!-- zimun.torim.tests._002_ZimunTorimReccomendationsForNextAppointmentTest -->
