<?xml version="1.0" encoding="UTF-8"?>
<!-- Generated by org.testng.reporters.JUnitReportReporter -->
<testsuite hostname="EEE" failures="0" tests="1" name="zimun.torim.tests._011_ZimunTorimVerifyEmailNotificationsRecievedTest" time="105.874" errors="0" timestamp="17 Nov 2019 11:44:24 GMT">
  <testcase classname="zimun.torim.tests._011_ZimunTorimVerifyEmailNotificationsRecievedTest" name="_011_ZimunTorimVerifyEmailNotificationsRecieved" time="105.874"/>
</testsuite> <!-- zimun.torim.tests._011_ZimunTorimVerifyEmailNotificationsRecievedTest -->
