<?xml version="1.0" encoding="UTF-8"?>
<!-- Generated by org.testng.reporters.JUnitReportReporter -->
<testsuite hostname="EEE" failures="0" tests="1" name="zimun.torim.tests._003_ZimunTorimSelectAppointmentTest" time="0.943" errors="0" timestamp="6 Oct 2019 09:59:38 GMT">
  <testcase classname="zimun.torim.tests._003_ZimunTorimSelectAppointmentTest" name="ZimunTorimSelectAppointment" time="0.943"/>
</testsuite> <!-- zimun.torim.tests._003_ZimunTorimSelectAppointmentTest -->
