<?xml version="1.0" encoding="UTF-8"?>
<!-- Generated by org.testng.reporters.JUnitReportReporter -->
<testsuite hostname="EEE" failures="0" tests="1" name="zimun.torim.tests._003_ZimunTorimStationLocatingTest" time="1.557" errors="0" timestamp="24 Oct 2019 10:53:11 GMT">
  <testcase classname="zimun.torim.tests._003_ZimunTorimStationLocatingTest" name="_003_ZimunTorimStationLocating" time="1.557"/>
</testsuite> <!-- zimun.torim.tests._003_ZimunTorimStationLocatingTest -->
