<?xml version="1.0" encoding="UTF-8"?>
<!-- Generated by org.testng.reporters.JUnitReportReporter -->
<testsuite hostname="EEE" failures="0" tests="4" name="zimun.torim.tests._001_ZimunTorimVerifyRequestedServiceOptionsAndReccomendationsForNextAppointmentTest" time="178.549" errors="0" timestamp="17 Oct 2019 10:21:41 GMT">
  <testcase classname="zimun.torim.tests._001_ZimunTorimVerifyRequestedServiceOptionsAndReccomendationsForNextAppointmentTest" name="getServiceToSelectAccordingToPatientIdAndYearOfBirth" time="83.217"/>
  <testcase classname="zimun.torim.tests._001_ZimunTorimVerifyRequestedServiceOptionsAndReccomendationsForNextAppointmentTest" name="getServiceToSelectAccordingToPatientIdAndYearOfBirth" time="85.053"/>
  <testcase classname="zimun.torim.tests._001_ZimunTorimVerifyRequestedServiceOptionsAndReccomendationsForNextAppointmentTest" name="getServiceToSelectAccordingToPatientIdAndYearOfBirth" time="7.277"/>
  <testcase classname="zimun.torim.tests._001_ZimunTorimVerifyRequestedServiceOptionsAndReccomendationsForNextAppointmentTest" name="getServiceToSelectAccordingToPatientIdAndYearOfBirth" time="3.002"/>
</testsuite> <!-- zimun.torim.tests._001_ZimunTorimVerifyRequestedServiceOptionsAndReccomendationsForNextAppointmentTest -->
