<?xml version="1.0" encoding="UTF-8"?>
<!-- Generated by org.testng.reporters.JUnitReportReporter -->
<testsuite hostname="EEE" failures="0" tests="1" name="zimun.torim.tests._006_ZimunTorimCancelAppointmentTest" time="114.952" errors="0" timestamp="2 Oct 2019 07:49:48 GMT">
  <testcase classname="zimun.torim.tests._006_ZimunTorimCancelAppointmentTest" name="ZimunTorimCancelAppointment" time="114.952"/>
</testsuite> <!-- zimun.torim.tests._006_ZimunTorimCancelAppointmentTest -->
