<?xml version="1.0" encoding="UTF-8"?>
<!-- Generated by org.testng.reporters.JUnitReportReporter -->
<testsuite hostname="EEE" failures="0" tests="1" name="zimun.torim.tests._001_ZimunTorimVerifyPersonalDetailsTest" time="16.083" errors="0" timestamp="22 Sep 2019 17:02:29 GMT">
  <testcase classname="zimun.torim.tests._001_ZimunTorimVerifyPersonalDetailsTest" name="_001_ZimunTorimVerifyPersonalDetails" time="16.083"/>
</testsuite> <!-- zimun.torim.tests._001_ZimunTorimVerifyPersonalDetailsTest -->
