<?xml version="1.0" encoding="UTF-8"?>
<!-- Generated by org.testng.reporters.JUnitReportReporter -->
<testsuite hostname="EEE" failures="0" tests="1" name="zimun.torim.tests._005_ZimunTorimSelectAppointmentTest" time="1.761" errors="0" timestamp="17 Nov 2019 11:44:24 GMT">
  <testcase classname="zimun.torim.tests._005_ZimunTorimSelectAppointmentTest" name="_005_ZimunTorimSelectAppointment" time="1.761"/>
</testsuite> <!-- zimun.torim.tests._005_ZimunTorimSelectAppointmentTest -->
