<?xml version="1.0" encoding="UTF-8"?>
<!-- Generated by org.testng.reporters.JUnitReportReporter -->
<testsuite hostname="EEE" failures="0" tests="2" name="zimun.torim.tests._002_ZimunTorimReccomendationsForNextAppointmentTest" time="141.529" errors="0" timestamp="26 Oct 2019 18:46:36 GMT">
  <testcase classname="zimun.torim.tests._002_ZimunTorimReccomendationsForNextAppointmentTest" name="getAppoitmentTypesAccordingToPatientsReccomendation" time="127.980"/>
  <testcase classname="zimun.torim.tests._002_ZimunTorimReccomendationsForNextAppointmentTest" name="getAppoitmentTypesAccordingToPatientsReccomendation" time="13.549"/>
</testsuite> <!-- zimun.torim.tests._002_ZimunTorimReccomendationsForNextAppointmentTest -->
