<?xml version="1.0" encoding="UTF-8"?>
<!-- Generated by org.testng.reporters.JUnitReportReporter -->
<testsuite hostname="EEE" failures="0" tests="1" name="zimun.torim.tests._005_ZimunTorimAppointmentApprovalTest" time="0.806" errors="0" timestamp="9 Oct 2019 22:45:20 GMT">
  <testcase classname="zimun.torim.tests._005_ZimunTorimAppointmentApprovalTest" name="ZimunTorimAppointmentApproval" time="0.806"/>
</testsuite> <!-- zimun.torim.tests._005_ZimunTorimAppointmentApprovalTest -->
