<?xml version="1.0" encoding="UTF-8"?>
<!-- Generated by org.testng.reporters.JUnitReportReporter -->
<testsuite hostname="EEE" failures="0" tests="1" name="zimun.torim.tests._004_ZimunTorimSetAppointmentTest" time="48.235" errors="0" timestamp="6 Oct 2019 09:59:38 GMT">
  <testcase classname="zimun.torim.tests._004_ZimunTorimSetAppointmentTest" name="ZimunTorimSetAppointment" time="48.235"/>
</testsuite> <!-- zimun.torim.tests._004_ZimunTorimSetAppointmentTest -->
