<?xml version="1.0" encoding="UTF-8"?>
<!-- Generated by org.testng.reporters.JUnitReportReporter -->
<testsuite hostname="EEE" failures="0" tests="1" name="zimun.torim.tests._002_ZimunTorimVerifyPersonalDetailsTest" time="17.333" errors="0" timestamp="24 Oct 2019 10:53:11 GMT">
  <testcase classname="zimun.torim.tests._002_ZimunTorimVerifyPersonalDetailsTest" name="_002_ZimunTorimVerifyPersonalDetails" time="17.333"/>
</testsuite> <!-- zimun.torim.tests._002_ZimunTorimVerifyPersonalDetailsTest -->
