<?xml version="1.0" encoding="UTF-8"?>
<!-- Generated by org.testng.reporters.JUnitReportReporter -->
<testsuite hostname="EEE" failures="0" tests="4" name="zimun.torim.tests._001_ZimunTorimVerifyRequestedServiceOptionsTest" time="133.375" errors="0" timestamp="17 Nov 2019 11:44:24 GMT">
  <testcase classname="zimun.torim.tests._001_ZimunTorimVerifyRequestedServiceOptionsTest" name="getServiceToSelectAccordingToPatientIdAndYearOfBirth" time="3.966"/>
  <testcase classname="zimun.torim.tests._001_ZimunTorimVerifyRequestedServiceOptionsTest" name="getServiceToSelectAccordingToPatientIdAndYearOfBirth" time="8.832"/>
  <testcase classname="zimun.torim.tests._001_ZimunTorimVerifyRequestedServiceOptionsTest" name="getServiceToSelectAccordingToPatientIdAndYearOfBirth" time="56.828"/>
  <testcase classname="zimun.torim.tests._001_ZimunTorimVerifyRequestedServiceOptionsTest" name="getServiceToSelectAccordingToPatientIdAndYearOfBirth" time="63.749"/>
</testsuite> <!-- zimun.torim.tests._001_ZimunTorimVerifyRequestedServiceOptionsTest -->
