<?xml version="1.0" encoding="UTF-8"?>
<!-- Generated by org.testng.reporters.JUnitReportReporter -->
<testsuite hostname="EEE" failures="0" tests="1" name="il.co.jb.il.co.jb.NewTest" time="0.016" errors="0" timestamp="22 Aug 2019 13:43:53 GMT">
  <testcase classname="il.co.jb.il.co.jb.NewTest" name="test1" time="0.016"/>
</testsuite> <!-- il.co.jb.il.co.jb.NewTest -->
