<?xml version="1.0" encoding="UTF-8"?>
<!-- Generated by org.testng.reporters.JUnitReportReporter -->
<testsuite hostname="EEE" failures="0" tests="1" name="il.co.jb.il.co.jb.NewTest" time="0.015" errors="0" timestamp="21 Aug 2019 17:52:17 GMT">
  <testcase classname="il.co.jb.il.co.jb.NewTest" name="test1" time="0.015"/>
</testsuite> <!-- il.co.jb.il.co.jb.NewTest -->
