<?xml version="1.0" encoding="UTF-8"?>
<!DOCTYPE suite SYSTEM "http://testng.org/testng-1.0.dtd">
<suite name="Suite1" guice-stage="DEVELOPMENT">
  <test name="Regression1">
    <classes>
      <class name="zimun.torim.tests._001_ZimunTorimVerifyPersonalDetailsTest"/>
      <class name="zimun.torim.tests._002_ZimunTorimStationLocatingTest"/>
      <class name="zimun.torim.tests._003_ZimunTorimSelectAppointmentTest"/>
      <class name="zimun.torim.tests._004_ZimunTorimSetAppointmentTest"/>
      <class name="zimun.torim.tests._005_ZimunTorimAppointmentApprovalTest"/>
      <class name="zimun.torim.tests._007_ZimunTorimUpdateAppointmentTest"/>
      <class name="zimun.torim.tests._008_ZimunTorimVerifyEmailNotificationsRecievedTest"/>
      
           
    </classes>
  </test> 
</suite> 